MODULE main


     DEFINE
nonodeatall := FALSE;
other := (! ( ( state = DB | ( state = http | ( state = anon | state = net))))) & ! (state = pozzo);



     VAR

         state : { pozzo, DB,
              anon,
              home,
              http,
              net  };




     IVAR

         operation : { read,
              write  };



    TRANS
(state = DB -> ( (operation = read & next(state = anon)) |  next(state = pozzo) )) &
(state = anon -> ( (operation = read & next(state = http)) |  next(state = pozzo) )) &
(state = home -> (  next(state = pozzo) )) &
(state = http -> ( (operation = write & next(state = net)) | (operation = write & next(state = DB)) |  next(state = pozzo) )) &
(state = net -> ( (operation = read & next(state = http)) |  next(state = pozzo) )) &
(state = pozzo -> next(state = pozzo))


--  (S2) .IFL-requirement ~  ( #.DB,  -[any-mod]> , #.other ) 
 
LTLSPEC !(state = DB &  X ( F other))
--  (S1R) .IFL-requirement  ( #.DB,  -[any-mod]> , #.net )  :  ( #.DB,  [read]> , #.anon )  ( #.anon,  -[any-mod]> , #.net ) 
 
LTLSPEC (!(state = DB &  X ( F state = net)) | (state = DB & operation = read &  X (state = anon &  X ( F state = net))))
--  (F2R) .IFL-requirement  ( #.DB,  -[any-mod]> , #.http )  ( #.http,  -[any-mod]> , #.net ) 
 
LTLSPEC !(state = DB &  X ( F (state = http &  X ( F state = net))))
--  (F2) .IFL-requirement  ( #.http,  -[any-mod]> , #.net ) 
 
LTLSPEC !(state = http &  X ( F state = net))
--  (F1R) .IFL-requirement  ( #.net,  -[any-mod]> , #.http )  ( #.http,  -[any-mod]> , #.DB ) 
 
LTLSPEC !(state = net &  X ( F (state = http &  X ( F state = DB))))
--  (F1) .IFL-requirement  ( #.net,  -[any-mod]> , #.http ) 
 
LTLSPEC !(state = net &  X ( F state = http))
--  (Unexpected) DB [read]> anon
LTLSPEC ((! (state = pozzo)) &  X ( F (state = DB & operation = read &  X (state = anon &  X ( F (! (state = pozzo))))))) -> (TRUE & !(state = DB &  X ( F (state = http &  X ( F state = net)))) & !(state = http &  X ( F state = net)) & !(state = net &  X ( F (state = http &  X ( F state = DB)))) & !(state = net &  X ( F state = http)))
--  (Unexpected) anon [read]> http
LTLSPEC ((! (state = pozzo)) &  X ( F (state = anon & operation = read &  X (state = http &  X ( F (! (state = pozzo))))))) -> (TRUE & !(state = DB &  X ( F (state = http &  X ( F state = net)))) & !(state = http &  X ( F state = net)) & !(state = net &  X ( F (state = http &  X ( F state = DB)))) & !(state = net &  X ( F state = http)))
--  (Unexpected) http [write]> DB
LTLSPEC ((! (state = pozzo)) &  X ( F (state = http & operation = write &  X (state = DB &  X ( F (! (state = pozzo))))))) -> (TRUE & !(state = DB &  X ( F (state = http &  X ( F state = net)))) & !(state = http &  X ( F state = net)) & !(state = net &  X ( F (state = http &  X ( F state = DB)))) & !(state = net &  X ( F state = http)))
--  (Unexpected) http [write]> net
LTLSPEC ((! (state = pozzo)) &  X ( F (state = http & operation = write &  X (state = net &  X ( F (! (state = pozzo))))))) -> (TRUE & !(state = DB &  X ( F (state = http &  X ( F state = net)))) & !(state = http &  X ( F state = net)) & !(state = net &  X ( F (state = http &  X ( F state = DB)))) & !(state = net &  X ( F state = http)))
--  (Unexpected) net [read]> http
LTLSPEC ((! (state = pozzo)) &  X ( F (state = net & operation = read &  X (state = http &  X ( F (! (state = pozzo))))))) -> (TRUE & !(state = DB &  X ( F (state = http &  X ( F state = net)))) & !(state = http &  X ( F state = net)) & !(state = net &  X ( F (state = http &  X ( F state = DB)))) & !(state = net &  X ( F state = http)))
--  (Unexpected) other [read]> http
LTLSPEC ((! (state = pozzo)) &  X ( F (other & operation = read &  X (state = http &  X ( F (! (state = pozzo))))))) -> (TRUE & !(state = DB &  X ( F (state = http &  X ( F state = net)))) & !(state = http &  X ( F state = net)) & !(state = net &  X ( F (state = http &  X ( F state = DB)))) & !(state = net &  X ( F state = http)))

